<?xml version="1.0" encoding="UTF-8"?>
<!-- Generated by org.testng.reporters.JUnitReportReporter -->
<testsuite skipped="0" hostname="DESKTOP-EVNNH1F" name="com.erp.qa.testcases.Admin.ItemCategoriesPageTest" tests="4" failures="0" timestamp="03 Oct 2018 12:49:25 GMT" time="217.057" errors="0">
  <testcase name="CreateItemCategories" time="68.190" classname="com.erp.qa.testcases.Admin.ItemCategoriesPageTest"/>
  <testcase name="VerifySearchedCategory" time="43.767" classname="com.erp.qa.testcases.Admin.ItemCategoriesPageTest"/>
  <testcase name="EditCategory" time="50.768" classname="com.erp.qa.testcases.Admin.ItemCategoriesPageTest"/>
  <testcase name="DeleteCatogory" time="54.332" classname="com.erp.qa.testcases.Admin.ItemCategoriesPageTest"/>
</testsuite> <!-- com.erp.qa.testcases.Admin.ItemCategoriesPageTest -->
