<?xml version="1.0" encoding="UTF-8"?>
<!-- Generated by org.testng.reporters.JUnitReportReporter -->
<testsuite skipped="0" hostname="DESKTOP-EVNNH1F" name="com.erp.qa.testcases.LoginPageTest" tests="3" failures="0" timestamp="23 Jul 2018 08:52:20 GMT" time="48.755" errors="0">
  <testcase name="loginPageTitleTest" time="13.261" classname="com.erp.qa.testcases.LoginPageTest"/>
  <testcase name="loginTest" time="20.725" classname="com.erp.qa.testcases.LoginPageTest"/>
  <testcase name="InvalidloginTest" time="14.769" classname="com.erp.qa.testcases.LoginPageTest"/>
</testsuite> <!-- com.erp.qa.testcases.LoginPageTest -->
