<?xml version="1.0" encoding="UTF-8"?>
<!-- Generated by org.testng.reporters.JUnitReportReporter -->

<testsuite skipped="0" hostname="DESKTOP-EVNNH1F" name="com.erp.qa.testcases.HomePageTest" tests="10" failures="0" timestamp="06 Aug 2018 07:38:23 GMT" time="357.740" errors="0">
  <testcase name="verifyHomePageTitleTest" time="36.146" classname="com.erp.qa.testcases.HomePageTest"/>
  <testcase name="verifyUserNameTest" time="39.826" classname="com.erp.qa.testcases.HomePageTest"/>
  <testcase name="verifyNatureOfBusinessURLTest" time="31.412" classname="com.erp.qa.testcases.HomePageTest"/>
  <testcase name="verifyLocationsURLTest" time="39.755" classname="com.erp.qa.testcases.HomePageTest"/>
  <testcase name="verifyMFGURLTest" time="45.108" classname="com.erp.qa.testcases.HomePageTest"/>
  <testcase name="verifyItemDefinitionTest" time="33.719" classname="com.erp.qa.testcases.HomePageTest"/>
  <testcase name="verifyItemCategoriesTest" time="30.201" classname="com.erp.qa.testcases.HomePageTest"/>
  <testcase name="verifySuppliersTest" time="29.101" classname="com.erp.qa.testcases.HomePageTest"/>
  <testcase name="verifyPermissionsTest" time="40.252" classname="com.erp.qa.testcases.HomePageTest"/>
  <testcase name="verifyLabelsTest" time="32.220" classname="com.erp.qa.testcases.HomePageTest"/>

</testsuite> <!-- com.erp.qa.testcases.HomePageTest -->
