<?xml version="1.0" encoding="UTF-8"?>
<!-- Generated by org.testng.reporters.JUnitReportReporter -->
<testsuite skipped="0" hostname="DESKTOP-78UUU8N" name="com.erp.qa.testcases.LoginPageTest" tests="3" failures="0" timestamp="06 Aug 2018 06:42:19 GMT" time="64.413" errors="0">
  <testcase name="loginPageTitleTest" time="19.248" classname="com.erp.qa.testcases.LoginPageTest"/>
  <testcase name="loginTest" time="23.228" classname="com.erp.qa.testcases.LoginPageTest"/>
  <testcase name="InvalidloginTest" time="21.937" classname="com.erp.qa.testcases.LoginPageTest"/>
</testsuite> <!-- com.erp.qa.testcases.LoginPageTest -->
