<?xml version="1.0" encoding="UTF-8"?>
<!-- Generated by org.testng.reporters.JUnitReportReporter -->
<testsuite skipped="0" hostname="DESKTOP-EVNNH1F" name="com.crm.qa.testcases.LoginPageTest" tests="2" failures="0" timestamp="26 Jun 2018 10:23:33 GMT" time="47.822" errors="0">
  <testcase name="loginPageTitleTest" time="18.015" classname="com.crm.qa.testcases.LoginPageTest"/>
  <testcase name="loginTest" time="29.807" classname="com.crm.qa.testcases.LoginPageTest"/>
</testsuite> <!-- com.crm.qa.testcases.LoginPageTest -->
