<?xml version="1.0" encoding="UTF-8"?>
<!-- Generated by org.testng.reporters.JUnitReportReporter -->
<testsuite skipped="0" hostname="DESKTOP-EVNNH1F" name="com.erp.qa.testcases.Admin.MfgPageTest" tests="4" failures="0" timestamp="11 Oct 2018 09:20:18 GMT" time="222.331" errors="0">
  <testcase name="CreateMfg" time="62.568" classname="com.erp.qa.testcases.Admin.MfgPageTest"/>
  <testcase name="VerifySearchedMfg" time="50.161" classname="com.erp.qa.testcases.Admin.MfgPageTest"/>
  <testcase name="VerifyEditMfg" time="53.584" classname="com.erp.qa.testcases.Admin.MfgPageTest"/>
  <testcase name="VerifyDeleteMfg" time="56.018" classname="com.erp.qa.testcases.Admin.MfgPageTest"/>
</testsuite> <!-- com.erp.qa.testcases.Admin.MfgPageTest -->
