<?xml version="1.0" encoding="UTF-8"?>
<!-- Generated by org.testng.reporters.JUnitReportReporter -->
<testsuite skipped="0" hostname="DESKTOP-EVNNH1F" name="com.erp.qa.testcases.HomePageTest" tests="3" failures="0" timestamp="23 Jul 2018 08:52:20 GMT" time="57.918" errors="0">
  <testcase name="verifyHomePageTitleTest" time="23.802" classname="com.erp.qa.testcases.HomePageTest"/>
  <testcase name="verifyUserNameTest" time="17.552" classname="com.erp.qa.testcases.HomePageTest"/>
  <testcase name="verifyNatureOfBusinessLinkTest" time="16.564" classname="com.erp.qa.testcases.HomePageTest"/>
</testsuite> <!-- com.erp.qa.testcases.HomePageTest -->
