<?xml version="1.0" encoding="UTF-8"?>
<!-- Generated by org.testng.reporters.JUnitReportReporter -->
<testsuite skipped="0" hostname="DESKTOP-EVNNH1F" name="com.erp.qa.testcases.Admin.ItemDefinationPageTest" tests="3" failures="0" timestamp="08 Oct 2018 09:30:30 GMT" time="118.894" errors="0">
  <testcase name="CreateItemDefTest" time="46.569" classname="com.erp.qa.testcases.Admin.ItemDefinationPageTest"/>
  <testcase name="VerifySearchItemDefTest" time="32.101" classname="com.erp.qa.testcases.Admin.ItemDefinationPageTest"/>
  <testcase name="VerifyEditedItemDefTest" time="40.224" classname="com.erp.qa.testcases.Admin.ItemDefinationPageTest"/>
</testsuite> <!-- com.erp.qa.testcases.Admin.ItemDefinationPageTest -->
