<?xml version="1.0" encoding="UTF-8"?>
<!-- Generated by org.testng.reporters.JUnitReportReporter -->
<testsuite skipped="1" hostname="DESKTOP-EVNNH1F" name="com.erp.qa.testcases.Admin.ItemDefinationPageTest" tests="1" failures="0" timestamp="06 Aug 2018 12:39:56 GMT" time="0.000" errors="0">
  <testcase name="CreateItemDefTest" time="0.000" classname="com.erp.qa.testcases.Admin.ItemDefinationPageTest">
    <skipped/>
  </testcase> <!-- CreateItemDefTest -->
</testsuite> <!-- com.erp.qa.testcases.Admin.ItemDefinationPageTest -->
