<?xml version="1.0" encoding="UTF-8"?>
<!-- Generated by org.testng.reporters.JUnitReportReporter -->
<testsuite skipped="0" hostname="DESKTOP-78UUU8N" name="com.erp.qa.testcases.Admin.HomePageTest" tests="10" failures="0" timestamp="03 Aug 2018 12:23:09 GMT" time="287.973" errors="0">
  <testcase name="verifyHomePageTitleTest" time="22.461" classname="com.erp.qa.testcases.Admin.HomePageTest"/>
  <testcase name="verifyUserNameTest" time="15.954" classname="com.erp.qa.testcases.Admin.HomePageTest"/>
  <testcase name="verifyNatureOfBusinessURLTest" time="20.890" classname="com.erp.qa.testcases.Admin.HomePageTest"/>
  <testcase name="verifyLocationsURLTest" time="24.147" classname="com.erp.qa.testcases.Admin.HomePageTest"/>
  <testcase name="verifyMFGURLTest" time="46.043" classname="com.erp.qa.testcases.Admin.HomePageTest"/>
  <testcase name="verifyItemDefinitionTest" time="45.591" classname="com.erp.qa.testcases.Admin.HomePageTest"/>
  <testcase name="verifyItemCategoriesTest" time="30.948" classname="com.erp.qa.testcases.Admin.HomePageTest"/>
  <testcase name="verifySuppliersTest" time="32.011" classname="com.erp.qa.testcases.Admin.HomePageTest"/>
  <testcase name="verifyPermissionsTest" time="22.813" classname="com.erp.qa.testcases.Admin.HomePageTest"/>
  <testcase name="verifyLabelsTest" time="27.115" classname="com.erp.qa.testcases.Admin.HomePageTest"/>
</testsuite> <!-- com.erp.qa.testcases.Admin.HomePageTest -->
