<?xml version="1.0" encoding="UTF-8"?>
<!-- Generated by org.testng.reporters.JUnitReportReporter -->
<testsuite skipped="0" hostname="DESKTOP-EVNNH1F" name="com.erp.qa.testcases.Admin.LocationsPageTest" tests="3" failures="0" timestamp="21 Aug 2018 12:46:53 GMT" time="106.013" errors="0">
  <testcase name="CreateLocation" time="41.942" classname="com.erp.qa.testcases.Admin.LocationsPageTest"/>
  <testcase name="VerifySearchedLocation" time="32.541" classname="com.erp.qa.testcases.Admin.LocationsPageTest"/>
  <testcase name="DeleteLocation" time="31.530" classname="com.erp.qa.testcases.Admin.LocationsPageTest"/>
</testsuite> <!-- com.erp.qa.testcases.Admin.LocationsPageTest -->
